Base path: C:/Program Files/Unity/Hub/Editor/2018.2.10f1/Editor/Data
Cmd: initializeCompiler
Cmd: compileComputeKernel
  api=4 insize=1852 outsize=1005 ok=1
Cmd: compileComputeKernel
  error: 1 plat 4 at WorldPosOSS.compute(85): implicit truncation of vector type
  error: 1 plat 4 at WorldPosOSS.compute(95): 'mul': implicit truncation of vector type
  api=4 insize=3963 outsize=3029 ok=1
Cmd: initializeCompiler
Cmd: compileComputeKernel
  error: 1 plat 4 at ObjectSpaceComputeShader.compute(83): implicit truncation of vector type
  error: 1 plat 4 at ObjectSpaceComputeShader.compute(93): 'mul': implicit truncation of vector type
  api=4 insize=3362 outsize=3009 ok=1
Cmd: initializeCompiler
Cmd: initializeCompiler
Cmd: initializeCompiler
Cmd: initializeCompiler
Cmd: initializeCompiler
Cmd: initializeCompiler
Cmd: initializeCompiler
Cmd: initializeCompiler
Cmd: initializeCompiler
Cmd: initializeCompiler
Cmd: initializeCompiler
Cmd: initializeCompiler
Cmd: initializeCompiler
Cmd: initializeCompiler
Cmd: initializeCompiler
Cmd: initializeCompiler
Cmd: initializeCompiler
Cmd: initializeCompiler
